<?xml version="1.0" encoding="UTF-8"?>
<testng-results ignored="0" total="1" passed="1" failed="0" skipped="0">
  <reporter-output>
  </reporter-output>
  <suite started-at="2023-08-24T14:47:34 IST" name="Default suite" finished-at="2023-08-24T14:48:01 IST" duration-ms="26434">
    <groups>
    </groups>
    <test started-at="2023-08-24T14:47:34 IST" name="Default test" finished-at="2023-08-24T14:48:01 IST" duration-ms="26434">
      <class name="com.sporty_shoes_testscripts.BuyShoesTest">
        <test-method is-config="true" signature="launchApplication()[pri:0, instance:com.sporty_shoes_testscripts.BuyShoesTest@74d1dc36]" started-at="2023-08-24T14:47:34 IST" name="launchApplication" finished-at="2023-08-24T14:47:38 IST" duration-ms="3869" status="PASS">
          <reporter-output>
          </reporter-output>
        </test-method> <!-- launchApplication -->
        <test-method signature="performTest()[pri:0, instance:com.sporty_shoes_testscripts.BuyShoesTest@74d1dc36]" started-at="2023-08-24T14:47:38 IST" name="performTest" finished-at="2023-08-24T14:48:00 IST" duration-ms="22142" status="PASS">
          <reporter-output>
          </reporter-output>
        </test-method> <!-- performTest -->
        <test-method is-config="true" signature="closeBrowser()[pri:0, instance:com.sporty_shoes_testscripts.BuyShoesTest@74d1dc36]" started-at="2023-08-24T14:48:00 IST" name="closeBrowser" finished-at="2023-08-24T14:48:01 IST" duration-ms="380" status="PASS">
          <reporter-output>
          </reporter-output>
        </test-method> <!-- closeBrowser -->
      </class> <!-- com.sporty_shoes_testscripts.BuyShoesTest -->
    </test> <!-- Default test -->
  </suite> <!-- Default suite -->
</testng-results>
