<?xml version="1.0" encoding="UTF-8"?>
<testng-results ignored="0" total="1" passed="1" failed="0" skipped="0">
  <reporter-output>
  </reporter-output>
  <suite started-at="2023-08-24T13:18:03 IST" name="Default suite" finished-at="2023-08-24T13:18:08 IST" duration-ms="4559">
    <groups>
    </groups>
    <test started-at="2023-08-24T13:18:03 IST" name="Default test" finished-at="2023-08-24T13:18:08 IST" duration-ms="4559">
      <class name="com.shopshoes.teststepts.PostDemo">
        <test-method signature="getServerResponse()[pri:0, instance:com.shopshoes.teststepts.PostDemo@3ad83a66]" started-at="2023-08-24T13:18:04 IST" name="getServerResponse" finished-at="2023-08-24T13:18:08 IST" duration-ms="4292" status="PASS">
          <reporter-output>
          </reporter-output>
        </test-method> <!-- getServerResponse -->
      </class> <!-- com.shopshoes.teststepts.PostDemo -->
    </test> <!-- Default test -->
  </suite> <!-- Default suite -->
</testng-results>
